-------------------------------------------------------------------------------
Test set: tek.sdet.framework.runner.TestRunner
-------------------------------------------------------------------------------
Tests run: 52, Failures: 0, Errors: 52, Skipped: 0, Time elapsed: 26.04 s <<< FAILURE! - in tek.sdet.framework.runner.TestRunner
TEK Retail Account feature.Verify User can update Profile Information  Time elapsed: 4.633 s  <<< ERROR!
org.openqa.selenium.remote.http.ConnectionFailedException: 
Unable to establish websocket connection to http://localhost:62553/devtools/browser/05944d6a-23a1-4ae5-8630-15e5dce696a9
Build info: version: '4.4.0', revision: 'e5c75ed026a'
System info: host: 'Hameds-MacBook-Air.local', ip: '127.0.0.1', os.name: 'Mac OS X', os.arch: 'x86_64', os.version: '13.2.1', java.version: '11.0.15.1'
Driver info: driver.version: ChromeDriver
	at org.openqa.selenium.remote.http.netty.NettyWebSocket.<init>(NettyWebSocket.java:102)
	at org.openqa.selenium.remote.http.netty.NettyWebSocket.lambda$create$3(NettyWebSocket.java:128)
	at org.openqa.selenium.remote.http.netty.NettyClient.openSocket(NettyClient.java:106)
	at org.openqa.selenium.devtools.Connection.<init>(Connection.java:77)
	at org.openqa.selenium.chromium.ChromiumDriver.lambda$new$2(ChromiumDriver.java:116)
	at java.base/java.util.Optional.map(Optional.java:265)
	at org.openqa.selenium.chromium.ChromiumDriver.<init>(ChromiumDriver.java:114)
	at org.openqa.selenium.chrome.ChromeDriver.<init>(ChromeDriver.java:81)
	at org.openqa.selenium.chrome.ChromeDriver.<init>(ChromeDriver.java:70)
	at tek.sdet.framework.config.ChromeHeadless.openBrowser(ChromeHeadless.java:15)
	at tek.sdet.framework.base.BaseSetup.setupBrowser(BaseSetup.java:53)
	at tek.sdet.framework.base.BaseUITest.setupTests(BaseUITest.java:11)

TEK Retail Account feature.Verify User can update Profile Information  Time elapsed: 4.639 s  <<< ERROR!
java.lang.NullPointerException
	at tek.sdet.framework.utilities.CommonUtility.takeScreenShotAsBytes(CommonUtility.java:71)
	at tek.sdet.framework.base.BaseUITest.closeTests(BaseUITest.java:17)

TEK Retail Account feature.Verify User can Update password  Time elapsed: 0.803 s  <<< ERROR!
org.openqa.selenium.remote.http.ConnectionFailedException: 
Unable to establish websocket connection to http://localhost:62567/devtools/browser/9dd5c78e-0d36-4d4c-9075-2dab396c7c4c
Build info: version: '4.4.0', revision: 'e5c75ed026a'
System info: host: 'Hameds-MacBook-Air.local', ip: '127.0.0.1', os.name: 'Mac OS X', os.arch: 'x86_64', os.version: '13.2.1', java.version: '11.0.15.1'
Driver info: driver.version: ChromeDriver
	at org.openqa.selenium.remote.http.netty.NettyWebSocket.<init>(NettyWebSocket.java:102)
	at org.openqa.selenium.remote.http.netty.NettyWebSocket.lambda$create$3(NettyWebSocket.java:128)
	at org.openqa.selenium.remote.http.netty.NettyClient.openSocket(NettyClient.java:106)
	at org.openqa.selenium.devtools.Connection.<init>(Connection.java:77)
	at org.openqa.selenium.chromium.ChromiumDriver.lambda$new$2(ChromiumDriver.java:116)
	at java.base/java.util.Optional.map(Optional.java:265)
	at org.openqa.selenium.chromium.ChromiumDriver.<init>(ChromiumDriver.java:114)
	at org.openqa.selenium.chrome.ChromeDriver.<init>(ChromeDriver.java:81)
	at org.openqa.selenium.chrome.ChromeDriver.<init>(ChromeDriver.java:70)
	at tek.sdet.framework.config.ChromeHeadless.openBrowser(ChromeHeadless.java:15)
	at tek.sdet.framework.base.BaseSetup.setupBrowser(BaseSetup.java:53)
	at tek.sdet.framework.base.BaseUITest.setupTests(BaseUITest.java:11)

TEK Retail Account feature.Verify User can Update password  Time elapsed: 0.804 s  <<< ERROR!
java.lang.NullPointerException
	at tek.sdet.framework.utilities.CommonUtility.takeScreenShotAsBytes(CommonUtility.java:71)
	at tek.sdet.framework.base.BaseUITest.closeTests(BaseUITest.java:17)

TEK Retail Account feature.Verify User can add a payment method  Time elapsed: 0.788 s  <<< ERROR!
org.openqa.selenium.remote.http.ConnectionFailedException: 
Unable to establish websocket connection to http://localhost:62581/devtools/browser/e9e08d5f-1e07-4ed8-b93e-4e94a7f14819
Build info: version: '4.4.0', revision: 'e5c75ed026a'
System info: host: 'Hameds-MacBook-Air.local', ip: '127.0.0.1', os.name: 'Mac OS X', os.arch: 'x86_64', os.version: '13.2.1', java.version: '11.0.15.1'
Driver info: driver.version: ChromeDriver
	at org.openqa.selenium.remote.http.netty.NettyWebSocket.<init>(NettyWebSocket.java:102)
	at org.openqa.selenium.remote.http.netty.NettyWebSocket.lambda$create$3(NettyWebSocket.java:128)
	at org.openqa.selenium.remote.http.netty.NettyClient.openSocket(NettyClient.java:106)
	at org.openqa.selenium.devtools.Connection.<init>(Connection.java:77)
	at org.openqa.selenium.chromium.ChromiumDriver.lambda$new$2(ChromiumDriver.java:116)
	at java.base/java.util.Optional.map(Optional.java:265)
	at org.openqa.selenium.chromium.ChromiumDriver.<init>(ChromiumDriver.java:114)
	at org.openqa.selenium.chrome.ChromeDriver.<init>(ChromeDriver.java:81)
	at org.openqa.selenium.chrome.ChromeDriver.<init>(ChromeDriver.java:70)
	at tek.sdet.framework.config.ChromeHeadless.openBrowser(ChromeHeadless.java:15)
	at tek.sdet.framework.base.BaseSetup.setupBrowser(BaseSetup.java:53)
	at tek.sdet.framework.base.BaseUITest.setupTests(BaseUITest.java:11)

TEK Retail Account feature.Verify User can add a payment method  Time elapsed: 0.788 s  <<< ERROR!
java.lang.NullPointerException
	at tek.sdet.framework.utilities.CommonUtility.takeScreenShotAsBytes(CommonUtility.java:71)
	at tek.sdet.framework.base.BaseUITest.closeTests(BaseUITest.java:17)

TEK Retail Account feature.Verify User can edit Debit or Credit card  Time elapsed: 0.8 s  <<< ERROR!
org.openqa.selenium.remote.http.ConnectionFailedException: 
Unable to establish websocket connection to http://localhost:62591/devtools/browser/6b0da424-8094-4909-89a9-0703dbf7e358
Build info: version: '4.4.0', revision: 'e5c75ed026a'
System info: host: 'Hameds-MacBook-Air.local', ip: '127.0.0.1', os.name: 'Mac OS X', os.arch: 'x86_64', os.version: '13.2.1', java.version: '11.0.15.1'
Driver info: driver.version: ChromeDriver
	at org.openqa.selenium.remote.http.netty.NettyWebSocket.<init>(NettyWebSocket.java:102)
	at org.openqa.selenium.remote.http.netty.NettyWebSocket.lambda$create$3(NettyWebSocket.java:128)
	at org.openqa.selenium.remote.http.netty.NettyClient.openSocket(NettyClient.java:106)
	at org.openqa.selenium.devtools.Connection.<init>(Connection.java:77)
	at org.openqa.selenium.chromium.ChromiumDriver.lambda$new$2(ChromiumDriver.java:116)
	at java.base/java.util.Optional.map(Optional.java:265)
	at org.openqa.selenium.chromium.ChromiumDriver.<init>(ChromiumDriver.java:114)
	at org.openqa.selenium.chrome.ChromeDriver.<init>(ChromeDriver.java:81)
	at org.openqa.selenium.chrome.ChromeDriver.<init>(ChromeDriver.java:70)
	at tek.sdet.framework.config.ChromeHeadless.openBrowser(ChromeHeadless.java:15)
	at tek.sdet.framework.base.BaseSetup.setupBrowser(BaseSetup.java:53)
	at tek.sdet.framework.base.BaseUITest.setupTests(BaseUITest.java:11)

TEK Retail Account feature.Verify User can edit Debit or Credit card  Time elapsed: 0.8 s  <<< ERROR!
java.lang.NullPointerException
	at tek.sdet.framework.utilities.CommonUtility.takeScreenShotAsBytes(CommonUtility.java:71)
	at tek.sdet.framework.base.BaseUITest.closeTests(BaseUITest.java:17)

TEK Retail Account feature.Verify User can remove Debit or Credit card  Time elapsed: 0.727 s  <<< ERROR!
org.openqa.selenium.remote.http.ConnectionFailedException: 
Unable to establish websocket connection to http://localhost:62605/devtools/browser/602c2066-2a60-4817-ae2f-13cb8f0489d2
Build info: version: '4.4.0', revision: 'e5c75ed026a'
System info: host: 'Hameds-MacBook-Air.local', ip: '127.0.0.1', os.name: 'Mac OS X', os.arch: 'x86_64', os.version: '13.2.1', java.version: '11.0.15.1'
Driver info: driver.version: ChromeDriver
	at org.openqa.selenium.remote.http.netty.NettyWebSocket.<init>(NettyWebSocket.java:102)
	at org.openqa.selenium.remote.http.netty.NettyWebSocket.lambda$create$3(NettyWebSocket.java:128)
	at org.openqa.selenium.remote.http.netty.NettyClient.openSocket(NettyClient.java:106)
	at org.openqa.selenium.devtools.Connection.<init>(Connection.java:77)
	at org.openqa.selenium.chromium.ChromiumDriver.lambda$new$2(ChromiumDriver.java:116)
	at java.base/java.util.Optional.map(Optional.java:265)
	at org.openqa.selenium.chromium.ChromiumDriver.<init>(ChromiumDriver.java:114)
	at org.openqa.selenium.chrome.ChromeDriver.<init>(ChromeDriver.java:81)
	at org.openqa.selenium.chrome.ChromeDriver.<init>(ChromeDriver.java:70)
	at tek.sdet.framework.config.ChromeHeadless.openBrowser(ChromeHeadless.java:15)
	at tek.sdet.framework.base.BaseSetup.setupBrowser(BaseSetup.java:53)
	at tek.sdet.framework.base.BaseUITest.setupTests(BaseUITest.java:11)

TEK Retail Account feature.Verify User can remove Debit or Credit card  Time elapsed: 0.727 s  <<< ERROR!
java.lang.NullPointerException
	at tek.sdet.framework.utilities.CommonUtility.takeScreenShotAsBytes(CommonUtility.java:71)
	at tek.sdet.framework.base.BaseUITest.closeTests(BaseUITest.java:17)

TEK Retail Account feature.Verify User can add an Address  Time elapsed: 0.803 s  <<< ERROR!
org.openqa.selenium.remote.http.ConnectionFailedException: 
Unable to establish websocket connection to http://localhost:62620/devtools/browser/1f04a5ba-f473-44f7-a13f-2608f240c9d0
Build info: version: '4.4.0', revision: 'e5c75ed026a'
System info: host: 'Hameds-MacBook-Air.local', ip: '127.0.0.1', os.name: 'Mac OS X', os.arch: 'x86_64', os.version: '13.2.1', java.version: '11.0.15.1'
Driver info: driver.version: ChromeDriver
	at org.openqa.selenium.remote.http.netty.NettyWebSocket.<init>(NettyWebSocket.java:102)
	at org.openqa.selenium.remote.http.netty.NettyWebSocket.lambda$create$3(NettyWebSocket.java:128)
	at org.openqa.selenium.remote.http.netty.NettyClient.openSocket(NettyClient.java:106)
	at org.openqa.selenium.devtools.Connection.<init>(Connection.java:77)
	at org.openqa.selenium.chromium.ChromiumDriver.lambda$new$2(ChromiumDriver.java:116)
	at java.base/java.util.Optional.map(Optional.java:265)
	at org.openqa.selenium.chromium.ChromiumDriver.<init>(ChromiumDriver.java:114)
	at org.openqa.selenium.chrome.ChromeDriver.<init>(ChromeDriver.java:81)
	at org.openqa.selenium.chrome.ChromeDriver.<init>(ChromeDriver.java:70)
	at tek.sdet.framework.config.ChromeHeadless.openBrowser(ChromeHeadless.java:15)
	at tek.sdet.framework.base.BaseSetup.setupBrowser(BaseSetup.java:53)
	at tek.sdet.framework.base.BaseUITest.setupTests(BaseUITest.java:11)

TEK Retail Account feature.Verify User can add an Address  Time elapsed: 0.803 s  <<< ERROR!
java.lang.NullPointerException
	at tek.sdet.framework.utilities.CommonUtility.takeScreenShotAsBytes(CommonUtility.java:71)
	at tek.sdet.framework.base.BaseUITest.closeTests(BaseUITest.java:17)

TEK Retail Account feature.Verify User can edit an Address added on account  Time elapsed: 0.815 s  <<< ERROR!
org.openqa.selenium.remote.http.ConnectionFailedException: 
Unable to establish websocket connection to http://localhost:62634/devtools/browser/d5296f41-365e-4ec9-b7c9-98621658dd06
Build info: version: '4.4.0', revision: 'e5c75ed026a'
System info: host: 'Hameds-MacBook-Air.local', ip: '127.0.0.1', os.name: 'Mac OS X', os.arch: 'x86_64', os.version: '13.2.1', java.version: '11.0.15.1'
Driver info: driver.version: ChromeDriver
	at org.openqa.selenium.remote.http.netty.NettyWebSocket.<init>(NettyWebSocket.java:102)
	at org.openqa.selenium.remote.http.netty.NettyWebSocket.lambda$create$3(NettyWebSocket.java:128)
	at org.openqa.selenium.remote.http.netty.NettyClient.openSocket(NettyClient.java:106)
	at org.openqa.selenium.devtools.Connection.<init>(Connection.java:77)
	at org.openqa.selenium.chromium.ChromiumDriver.lambda$new$2(ChromiumDriver.java:116)
	at java.base/java.util.Optional.map(Optional.java:265)
	at org.openqa.selenium.chromium.ChromiumDriver.<init>(ChromiumDriver.java:114)
	at org.openqa.selenium.chrome.ChromeDriver.<init>(ChromeDriver.java:81)
	at org.openqa.selenium.chrome.ChromeDriver.<init>(ChromeDriver.java:70)
	at tek.sdet.framework.config.ChromeHeadless.openBrowser(ChromeHeadless.java:15)
	at tek.sdet.framework.base.BaseSetup.setupBrowser(BaseSetup.java:53)
	at tek.sdet.framework.base.BaseUITest.setupTests(BaseUITest.java:11)

TEK Retail Account feature.Verify User can edit an Address added on account  Time elapsed: 0.817 s  <<< ERROR!
java.lang.NullPointerException
	at tek.sdet.framework.utilities.CommonUtility.takeScreenShotAsBytes(CommonUtility.java:71)
	at tek.sdet.framework.base.BaseUITest.closeTests(BaseUITest.java:17)

TEK Retail Account feature.Verify User can remove Address from Account  Time elapsed: 0.814 s  <<< ERROR!
org.openqa.selenium.remote.http.ConnectionFailedException: 
Unable to establish websocket connection to http://localhost:62648/devtools/browser/10543125-7215-4225-aae6-9f1ea6a92f22
Build info: version: '4.4.0', revision: 'e5c75ed026a'
System info: host: 'Hameds-MacBook-Air.local', ip: '127.0.0.1', os.name: 'Mac OS X', os.arch: 'x86_64', os.version: '13.2.1', java.version: '11.0.15.1'
Driver info: driver.version: ChromeDriver
	at org.openqa.selenium.remote.http.netty.NettyWebSocket.<init>(NettyWebSocket.java:102)
	at org.openqa.selenium.remote.http.netty.NettyWebSocket.lambda$create$3(NettyWebSocket.java:128)
	at org.openqa.selenium.remote.http.netty.NettyClient.openSocket(NettyClient.java:106)
	at org.openqa.selenium.devtools.Connection.<init>(Connection.java:77)
	at org.openqa.selenium.chromium.ChromiumDriver.lambda$new$2(ChromiumDriver.java:116)
	at java.base/java.util.Optional.map(Optional.java:265)
	at org.openqa.selenium.chromium.ChromiumDriver.<init>(ChromiumDriver.java:114)
	at org.openqa.selenium.chrome.ChromeDriver.<init>(ChromeDriver.java:81)
	at org.openqa.selenium.chrome.ChromeDriver.<init>(ChromeDriver.java:70)
	at tek.sdet.framework.config.ChromeHeadless.openBrowser(ChromeHeadless.java:15)
	at tek.sdet.framework.base.BaseSetup.setupBrowser(BaseSetup.java:53)
	at tek.sdet.framework.base.BaseUITest.setupTests(BaseUITest.java:11)

TEK Retail Account feature.Verify User can remove Address from Account  Time elapsed: 0.814 s  <<< ERROR!
java.lang.NullPointerException
	at tek.sdet.framework.utilities.CommonUtility.takeScreenShotAsBytes(CommonUtility.java:71)
	at tek.sdet.framework.base.BaseUITest.closeTests(BaseUITest.java:17)

This feature is used for testing UI of Retail page.Verify user can search a product  Time elapsed: 1.004 s  <<< ERROR!
org.openqa.selenium.remote.http.ConnectionFailedException: 
Unable to establish websocket connection to http://localhost:62663/devtools/browser/e7569365-17ff-4716-9ac0-73aae2373b3b
Build info: version: '4.4.0', revision: 'e5c75ed026a'
System info: host: 'Hameds-MacBook-Air.local', ip: '127.0.0.1', os.name: 'Mac OS X', os.arch: 'x86_64', os.version: '13.2.1', java.version: '11.0.15.1'
Driver info: driver.version: ChromeDriver
	at org.openqa.selenium.remote.http.netty.NettyWebSocket.<init>(NettyWebSocket.java:102)
	at org.openqa.selenium.remote.http.netty.NettyWebSocket.lambda$create$3(NettyWebSocket.java:128)
	at org.openqa.selenium.remote.http.netty.NettyClient.openSocket(NettyClient.java:106)
	at org.openqa.selenium.devtools.Connection.<init>(Connection.java:77)
	at org.openqa.selenium.chromium.ChromiumDriver.lambda$new$2(ChromiumDriver.java:116)
	at java.base/java.util.Optional.map(Optional.java:265)
	at org.openqa.selenium.chromium.ChromiumDriver.<init>(ChromiumDriver.java:114)
	at org.openqa.selenium.chrome.ChromeDriver.<init>(ChromeDriver.java:81)
	at org.openqa.selenium.chrome.ChromeDriver.<init>(ChromeDriver.java:70)
	at tek.sdet.framework.config.ChromeHeadless.openBrowser(ChromeHeadless.java:15)
	at tek.sdet.framework.base.BaseSetup.setupBrowser(BaseSetup.java:53)
	at tek.sdet.framework.base.BaseUITest.setupTests(BaseUITest.java:11)

This feature is used for testing UI of Retail page.Verify user can search a product  Time elapsed: 1.004 s  <<< ERROR!
java.lang.NullPointerException
	at tek.sdet.framework.utilities.CommonUtility.takeScreenShotAsBytes(CommonUtility.java:71)
	at tek.sdet.framework.base.BaseUITest.closeTests(BaseUITest.java:17)

This feature is used for testing UI of Retail page.Verify Shop by Department sidebar  Time elapsed: 0.829 s  <<< ERROR!
org.openqa.selenium.remote.http.ConnectionFailedException: 
Unable to establish websocket connection to http://localhost:62674/devtools/browser/7de1baa8-4bd2-4e9a-bfdd-83014198692e
Build info: version: '4.4.0', revision: 'e5c75ed026a'
System info: host: 'Hameds-MacBook-Air.local', ip: '127.0.0.1', os.name: 'Mac OS X', os.arch: 'x86_64', os.version: '13.2.1', java.version: '11.0.15.1'
Driver info: driver.version: ChromeDriver
	at org.openqa.selenium.remote.http.netty.NettyWebSocket.<init>(NettyWebSocket.java:102)
	at org.openqa.selenium.remote.http.netty.NettyWebSocket.lambda$create$3(NettyWebSocket.java:128)
	at org.openqa.selenium.remote.http.netty.NettyClient.openSocket(NettyClient.java:106)
	at org.openqa.selenium.devtools.Connection.<init>(Connection.java:77)
	at org.openqa.selenium.chromium.ChromiumDriver.lambda$new$2(ChromiumDriver.java:116)
	at java.base/java.util.Optional.map(Optional.java:265)
	at org.openqa.selenium.chromium.ChromiumDriver.<init>(ChromiumDriver.java:114)
	at org.openqa.selenium.chrome.ChromeDriver.<init>(ChromeDriver.java:81)
	at org.openqa.selenium.chrome.ChromeDriver.<init>(ChromeDriver.java:70)
	at tek.sdet.framework.config.ChromeHeadless.openBrowser(ChromeHeadless.java:15)
	at tek.sdet.framework.base.BaseSetup.setupBrowser(BaseSetup.java:53)
	at tek.sdet.framework.base.BaseUITest.setupTests(BaseUITest.java:11)

This feature is used for testing UI of Retail page.Verify Shop by Department sidebar  Time elapsed: 0.829 s  <<< ERROR!
java.lang.NullPointerException
	at tek.sdet.framework.utilities.CommonUtility.takeScreenShotAsBytes(CommonUtility.java:71)
	at tek.sdet.framework.base.BaseUITest.closeTests(BaseUITest.java:17)

This feature is used for testing UI of Retail page.Verify department sidebar options #1  Time elapsed: 0.887 s  <<< ERROR!
org.openqa.selenium.remote.http.ConnectionFailedException: 
Unable to establish websocket connection to http://localhost:62688/devtools/browser/dd9177cc-df61-4dfb-83b8-7ecf867c9346
Build info: version: '4.4.0', revision: 'e5c75ed026a'
System info: host: 'Hameds-MacBook-Air.local', ip: '127.0.0.1', os.name: 'Mac OS X', os.arch: 'x86_64', os.version: '13.2.1', java.version: '11.0.15.1'
Driver info: driver.version: ChromeDriver
	at org.openqa.selenium.remote.http.netty.NettyWebSocket.<init>(NettyWebSocket.java:102)
	at org.openqa.selenium.remote.http.netty.NettyWebSocket.lambda$create$3(NettyWebSocket.java:128)
	at org.openqa.selenium.remote.http.netty.NettyClient.openSocket(NettyClient.java:106)
	at org.openqa.selenium.devtools.Connection.<init>(Connection.java:77)
	at org.openqa.selenium.chromium.ChromiumDriver.lambda$new$2(ChromiumDriver.java:116)
	at java.base/java.util.Optional.map(Optional.java:265)
	at org.openqa.selenium.chromium.ChromiumDriver.<init>(ChromiumDriver.java:114)
	at org.openqa.selenium.chrome.ChromeDriver.<init>(ChromeDriver.java:81)
	at org.openqa.selenium.chrome.ChromeDriver.<init>(ChromeDriver.java:70)
	at tek.sdet.framework.config.ChromeHeadless.openBrowser(ChromeHeadless.java:15)
	at tek.sdet.framework.base.BaseSetup.setupBrowser(BaseSetup.java:53)
	at tek.sdet.framework.base.BaseUITest.setupTests(BaseUITest.java:11)

This feature is used for testing UI of Retail page.Verify department sidebar options #1  Time elapsed: 0.887 s  <<< ERROR!
java.lang.NullPointerException
	at tek.sdet.framework.utilities.CommonUtility.takeScreenShotAsBytes(CommonUtility.java:71)
	at tek.sdet.framework.base.BaseUITest.closeTests(BaseUITest.java:17)

This feature is used for testing UI of Retail page.Verify department sidebar options #2  Time elapsed: 0.862 s  <<< ERROR!
org.openqa.selenium.remote.http.ConnectionFailedException: 
Unable to establish websocket connection to http://localhost:62702/devtools/browser/60c77382-e96e-4696-8357-927038470410
Build info: version: '4.4.0', revision: 'e5c75ed026a'
System info: host: 'Hameds-MacBook-Air.local', ip: '127.0.0.1', os.name: 'Mac OS X', os.arch: 'x86_64', os.version: '13.2.1', java.version: '11.0.15.1'
Driver info: driver.version: ChromeDriver
	at org.openqa.selenium.remote.http.netty.NettyWebSocket.<init>(NettyWebSocket.java:102)
	at org.openqa.selenium.remote.http.netty.NettyWebSocket.lambda$create$3(NettyWebSocket.java:128)
	at org.openqa.selenium.remote.http.netty.NettyClient.openSocket(NettyClient.java:106)
	at org.openqa.selenium.devtools.Connection.<init>(Connection.java:77)
	at org.openqa.selenium.chromium.ChromiumDriver.lambda$new$2(ChromiumDriver.java:116)
	at java.base/java.util.Optional.map(Optional.java:265)
	at org.openqa.selenium.chromium.ChromiumDriver.<init>(ChromiumDriver.java:114)
	at org.openqa.selenium.chrome.ChromeDriver.<init>(ChromeDriver.java:81)
	at org.openqa.selenium.chrome.ChromeDriver.<init>(ChromeDriver.java:70)
	at tek.sdet.framework.config.ChromeHeadless.openBrowser(ChromeHeadless.java:15)
	at tek.sdet.framework.base.BaseSetup.setupBrowser(BaseSetup.java:53)
	at tek.sdet.framework.base.BaseUITest.setupTests(BaseUITest.java:11)

This feature is used for testing UI of Retail page.Verify department sidebar options #2  Time elapsed: 0.862 s  <<< ERROR!
java.lang.NullPointerException
	at tek.sdet.framework.utilities.CommonUtility.takeScreenShotAsBytes(CommonUtility.java:71)
	at tek.sdet.framework.base.BaseUITest.closeTests(BaseUITest.java:17)

This feature is used for testing UI of Retail page.Verify department sidebar options #3  Time elapsed: 0.86 s  <<< ERROR!
org.openqa.selenium.remote.http.ConnectionFailedException: 
Unable to establish websocket connection to http://localhost:62716/devtools/browser/7e929b6b-668a-4a65-9a8b-4fe236bbe902
Build info: version: '4.4.0', revision: 'e5c75ed026a'
System info: host: 'Hameds-MacBook-Air.local', ip: '127.0.0.1', os.name: 'Mac OS X', os.arch: 'x86_64', os.version: '13.2.1', java.version: '11.0.15.1'
Driver info: driver.version: ChromeDriver
	at org.openqa.selenium.remote.http.netty.NettyWebSocket.<init>(NettyWebSocket.java:102)
	at org.openqa.selenium.remote.http.netty.NettyWebSocket.lambda$create$3(NettyWebSocket.java:128)
	at org.openqa.selenium.remote.http.netty.NettyClient.openSocket(NettyClient.java:106)
	at org.openqa.selenium.devtools.Connection.<init>(Connection.java:77)
	at org.openqa.selenium.chromium.ChromiumDriver.lambda$new$2(ChromiumDriver.java:116)
	at java.base/java.util.Optional.map(Optional.java:265)
	at org.openqa.selenium.chromium.ChromiumDriver.<init>(ChromiumDriver.java:114)
	at org.openqa.selenium.chrome.ChromeDriver.<init>(ChromeDriver.java:81)
	at org.openqa.selenium.chrome.ChromeDriver.<init>(ChromeDriver.java:70)
	at tek.sdet.framework.config.ChromeHeadless.openBrowser(ChromeHeadless.java:15)
	at tek.sdet.framework.base.BaseSetup.setupBrowser(BaseSetup.java:53)
	at tek.sdet.framework.base.BaseUITest.setupTests(BaseUITest.java:11)

This feature is used for testing UI of Retail page.Verify department sidebar options #3  Time elapsed: 0.86 s  <<< ERROR!
java.lang.NullPointerException
	at tek.sdet.framework.utilities.CommonUtility.takeScreenShotAsBytes(CommonUtility.java:71)
	at tek.sdet.framework.base.BaseUITest.closeTests(BaseUITest.java:17)

This feature is used for testing UI of Retail page.Verify department sidebar options #4  Time elapsed: 0.887 s  <<< ERROR!
org.openqa.selenium.remote.http.ConnectionFailedException: 
Unable to establish websocket connection to http://localhost:62731/devtools/browser/49cece70-a7de-49ba-baff-ad897d091832
Build info: version: '4.4.0', revision: 'e5c75ed026a'
System info: host: 'Hameds-MacBook-Air.local', ip: '127.0.0.1', os.name: 'Mac OS X', os.arch: 'x86_64', os.version: '13.2.1', java.version: '11.0.15.1'
Driver info: driver.version: ChromeDriver
	at org.openqa.selenium.remote.http.netty.NettyWebSocket.<init>(NettyWebSocket.java:102)
	at org.openqa.selenium.remote.http.netty.NettyWebSocket.lambda$create$3(NettyWebSocket.java:128)
	at org.openqa.selenium.remote.http.netty.NettyClient.openSocket(NettyClient.java:106)
	at org.openqa.selenium.devtools.Connection.<init>(Connection.java:77)
	at org.openqa.selenium.chromium.ChromiumDriver.lambda$new$2(ChromiumDriver.java:116)
	at java.base/java.util.Optional.map(Optional.java:265)
	at org.openqa.selenium.chromium.ChromiumDriver.<init>(ChromiumDriver.java:114)
	at org.openqa.selenium.chrome.ChromeDriver.<init>(ChromeDriver.java:81)
	at org.openqa.selenium.chrome.ChromeDriver.<init>(ChromeDriver.java:70)
	at tek.sdet.framework.config.ChromeHeadless.openBrowser(ChromeHeadless.java:15)
	at tek.sdet.framework.base.BaseSetup.setupBrowser(BaseSetup.java:53)
	at tek.sdet.framework.base.BaseUITest.setupTests(BaseUITest.java:11)

This feature is used for testing UI of Retail page.Verify department sidebar options #4  Time elapsed: 0.888 s  <<< ERROR!
java.lang.NullPointerException
	at tek.sdet.framework.utilities.CommonUtility.takeScreenShotAsBytes(CommonUtility.java:71)
	at tek.sdet.framework.base.BaseUITest.closeTests(BaseUITest.java:17)

This feature is used for testing UI of Retail page.Verify department sidebar options #5  Time elapsed: 0.823 s  <<< ERROR!
org.openqa.selenium.remote.http.ConnectionFailedException: 
Unable to establish websocket connection to http://localhost:62745/devtools/browser/9f433edf-00a6-442e-8ceb-c756fad6f839
Build info: version: '4.4.0', revision: 'e5c75ed026a'
System info: host: 'Hameds-MacBook-Air.local', ip: '127.0.0.1', os.name: 'Mac OS X', os.arch: 'x86_64', os.version: '13.2.1', java.version: '11.0.15.1'
Driver info: driver.version: ChromeDriver
	at org.openqa.selenium.remote.http.netty.NettyWebSocket.<init>(NettyWebSocket.java:102)
	at org.openqa.selenium.remote.http.netty.NettyWebSocket.lambda$create$3(NettyWebSocket.java:128)
	at org.openqa.selenium.remote.http.netty.NettyClient.openSocket(NettyClient.java:106)
	at org.openqa.selenium.devtools.Connection.<init>(Connection.java:77)
	at org.openqa.selenium.chromium.ChromiumDriver.lambda$new$2(ChromiumDriver.java:116)
	at java.base/java.util.Optional.map(Optional.java:265)
	at org.openqa.selenium.chromium.ChromiumDriver.<init>(ChromiumDriver.java:114)
	at org.openqa.selenium.chrome.ChromeDriver.<init>(ChromeDriver.java:81)
	at org.openqa.selenium.chrome.ChromeDriver.<init>(ChromeDriver.java:70)
	at tek.sdet.framework.config.ChromeHeadless.openBrowser(ChromeHeadless.java:15)
	at tek.sdet.framework.base.BaseSetup.setupBrowser(BaseSetup.java:53)
	at tek.sdet.framework.base.BaseUITest.setupTests(BaseUITest.java:11)

This feature is used for testing UI of Retail page.Verify department sidebar options #5  Time elapsed: 0.823 s  <<< ERROR!
java.lang.NullPointerException
	at tek.sdet.framework.utilities.CommonUtility.takeScreenShotAsBytes(CommonUtility.java:71)
	at tek.sdet.framework.base.BaseUITest.closeTests(BaseUITest.java:17)

Tek Retail Order feature.Verify User can add an item to cart  Time elapsed: 0.833 s  <<< ERROR!
org.openqa.selenium.remote.http.ConnectionFailedException: 
Unable to establish websocket connection to http://localhost:62759/devtools/browser/a90a8115-d4c5-4785-9252-50332d8e7536
Build info: version: '4.4.0', revision: 'e5c75ed026a'
System info: host: 'Hameds-MacBook-Air.local', ip: '127.0.0.1', os.name: 'Mac OS X', os.arch: 'x86_64', os.version: '13.2.1', java.version: '11.0.15.1'
Driver info: driver.version: ChromeDriver
	at org.openqa.selenium.remote.http.netty.NettyWebSocket.<init>(NettyWebSocket.java:102)
	at org.openqa.selenium.remote.http.netty.NettyWebSocket.lambda$create$3(NettyWebSocket.java:128)
	at org.openqa.selenium.remote.http.netty.NettyClient.openSocket(NettyClient.java:106)
	at org.openqa.selenium.devtools.Connection.<init>(Connection.java:77)
	at org.openqa.selenium.chromium.ChromiumDriver.lambda$new$2(ChromiumDriver.java:116)
	at java.base/java.util.Optional.map(Optional.java:265)
	at org.openqa.selenium.chromium.ChromiumDriver.<init>(ChromiumDriver.java:114)
	at org.openqa.selenium.chrome.ChromeDriver.<init>(ChromeDriver.java:81)
	at org.openqa.selenium.chrome.ChromeDriver.<init>(ChromeDriver.java:70)
	at tek.sdet.framework.config.ChromeHeadless.openBrowser(ChromeHeadless.java:15)
	at tek.sdet.framework.base.BaseSetup.setupBrowser(BaseSetup.java:53)
	at tek.sdet.framework.base.BaseUITest.setupTests(BaseUITest.java:11)

Tek Retail Order feature.Verify User can add an item to cart  Time elapsed: 0.833 s  <<< ERROR!
java.lang.NullPointerException
	at tek.sdet.framework.utilities.CommonUtility.takeScreenShotAsBytes(CommonUtility.java:71)
	at tek.sdet.framework.base.BaseUITest.closeTests(BaseUITest.java:17)

Tek Retail Order feature.Verify User can place an order without Shipping address and payment Method on file  Time elapsed: 0.767 s  <<< ERROR!
org.openqa.selenium.remote.http.ConnectionFailedException: 
Unable to establish websocket connection to http://localhost:62769/devtools/browser/a27547a3-b008-4f37-97e3-027643ef9428
Build info: version: '4.4.0', revision: 'e5c75ed026a'
System info: host: 'Hameds-MacBook-Air.local', ip: '127.0.0.1', os.name: 'Mac OS X', os.arch: 'x86_64', os.version: '13.2.1', java.version: '11.0.15.1'
Driver info: driver.version: ChromeDriver
	at org.openqa.selenium.remote.http.netty.NettyWebSocket.<init>(NettyWebSocket.java:102)
	at org.openqa.selenium.remote.http.netty.NettyWebSocket.lambda$create$3(NettyWebSocket.java:128)
	at org.openqa.selenium.remote.http.netty.NettyClient.openSocket(NettyClient.java:106)
	at org.openqa.selenium.devtools.Connection.<init>(Connection.java:77)
	at org.openqa.selenium.chromium.ChromiumDriver.lambda$new$2(ChromiumDriver.java:116)
	at java.base/java.util.Optional.map(Optional.java:265)
	at org.openqa.selenium.chromium.ChromiumDriver.<init>(ChromiumDriver.java:114)
	at org.openqa.selenium.chrome.ChromeDriver.<init>(ChromeDriver.java:81)
	at org.openqa.selenium.chrome.ChromeDriver.<init>(ChromeDriver.java:70)
	at tek.sdet.framework.config.ChromeHeadless.openBrowser(ChromeHeadless.java:15)
	at tek.sdet.framework.base.BaseSetup.setupBrowser(BaseSetup.java:53)
	at tek.sdet.framework.base.BaseUITest.setupTests(BaseUITest.java:11)

Tek Retail Order feature.Verify User can place an order without Shipping address and payment Method on file  Time elapsed: 0.768 s  <<< ERROR!
java.lang.NullPointerException
	at tek.sdet.framework.utilities.CommonUtility.takeScreenShotAsBytes(CommonUtility.java:71)
	at tek.sdet.framework.base.BaseUITest.closeTests(BaseUITest.java:17)

Tek Retail Order feature.Verify User can place an order with Shipping address and payment Method on file  Time elapsed: 0.71 s  <<< ERROR!
org.openqa.selenium.remote.http.ConnectionFailedException: 
Unable to establish websocket connection to http://localhost:62783/devtools/browser/4ba80a3f-2cf6-41d0-bc49-79f1f29d5587
Build info: version: '4.4.0', revision: 'e5c75ed026a'
System info: host: 'Hameds-MacBook-Air.local', ip: '127.0.0.1', os.name: 'Mac OS X', os.arch: 'x86_64', os.version: '13.2.1', java.version: '11.0.15.1'
Driver info: driver.version: ChromeDriver
	at org.openqa.selenium.remote.http.netty.NettyWebSocket.<init>(NettyWebSocket.java:102)
	at org.openqa.selenium.remote.http.netty.NettyWebSocket.lambda$create$3(NettyWebSocket.java:128)
	at org.openqa.selenium.remote.http.netty.NettyClient.openSocket(NettyClient.java:106)
	at org.openqa.selenium.devtools.Connection.<init>(Connection.java:77)
	at org.openqa.selenium.chromium.ChromiumDriver.lambda$new$2(ChromiumDriver.java:116)
	at java.base/java.util.Optional.map(Optional.java:265)
	at org.openqa.selenium.chromium.ChromiumDriver.<init>(ChromiumDriver.java:114)
	at org.openqa.selenium.chrome.ChromeDriver.<init>(ChromeDriver.java:81)
	at org.openqa.selenium.chrome.ChromeDriver.<init>(ChromeDriver.java:70)
	at tek.sdet.framework.config.ChromeHeadless.openBrowser(ChromeHeadless.java:15)
	at tek.sdet.framework.base.BaseSetup.setupBrowser(BaseSetup.java:53)
	at tek.sdet.framework.base.BaseUITest.setupTests(BaseUITest.java:11)

Tek Retail Order feature.Verify User can place an order with Shipping address and payment Method on file  Time elapsed: 0.71 s  <<< ERROR!
java.lang.NullPointerException
	at tek.sdet.framework.utilities.CommonUtility.takeScreenShotAsBytes(CommonUtility.java:71)
	at tek.sdet.framework.base.BaseUITest.closeTests(BaseUITest.java:17)

Tek Retail Order feature.Verify User can cancel the order  Time elapsed: 0.737 s  <<< ERROR!
org.openqa.selenium.remote.http.ConnectionFailedException: 
Unable to establish websocket connection to http://localhost:62797/devtools/browser/1f5b9e37-8372-429a-992d-683696fc8d01
Build info: version: '4.4.0', revision: 'e5c75ed026a'
System info: host: 'Hameds-MacBook-Air.local', ip: '127.0.0.1', os.name: 'Mac OS X', os.arch: 'x86_64', os.version: '13.2.1', java.version: '11.0.15.1'
Driver info: driver.version: ChromeDriver
	at org.openqa.selenium.remote.http.netty.NettyWebSocket.<init>(NettyWebSocket.java:102)
	at org.openqa.selenium.remote.http.netty.NettyWebSocket.lambda$create$3(NettyWebSocket.java:128)
	at org.openqa.selenium.remote.http.netty.NettyClient.openSocket(NettyClient.java:106)
	at org.openqa.selenium.devtools.Connection.<init>(Connection.java:77)
	at org.openqa.selenium.chromium.ChromiumDriver.lambda$new$2(ChromiumDriver.java:116)
	at java.base/java.util.Optional.map(Optional.java:265)
	at org.openqa.selenium.chromium.ChromiumDriver.<init>(ChromiumDriver.java:114)
	at org.openqa.selenium.chrome.ChromeDriver.<init>(ChromeDriver.java:81)
	at org.openqa.selenium.chrome.ChromeDriver.<init>(ChromeDriver.java:70)
	at tek.sdet.framework.config.ChromeHeadless.openBrowser(ChromeHeadless.java:15)
	at tek.sdet.framework.base.BaseSetup.setupBrowser(BaseSetup.java:53)
	at tek.sdet.framework.base.BaseUITest.setupTests(BaseUITest.java:11)

Tek Retail Order feature.Verify User can cancel the order  Time elapsed: 0.737 s  <<< ERROR!
java.lang.NullPointerException
	at tek.sdet.framework.utilities.CommonUtility.takeScreenShotAsBytes(CommonUtility.java:71)
	at tek.sdet.framework.base.BaseUITest.closeTests(BaseUITest.java:17)

Tek Retail Order feature.Verify User can Return the order  Time elapsed: 0.769 s  <<< ERROR!
org.openqa.selenium.remote.http.ConnectionFailedException: 
Unable to establish websocket connection to http://localhost:62811/devtools/browser/9757a058-5681-418c-adc8-5b3b3c851de1
Build info: version: '4.4.0', revision: 'e5c75ed026a'
System info: host: 'Hameds-MacBook-Air.local', ip: '127.0.0.1', os.name: 'Mac OS X', os.arch: 'x86_64', os.version: '13.2.1', java.version: '11.0.15.1'
Driver info: driver.version: ChromeDriver
	at org.openqa.selenium.remote.http.netty.NettyWebSocket.<init>(NettyWebSocket.java:102)
	at org.openqa.selenium.remote.http.netty.NettyWebSocket.lambda$create$3(NettyWebSocket.java:128)
	at org.openqa.selenium.remote.http.netty.NettyClient.openSocket(NettyClient.java:106)
	at org.openqa.selenium.devtools.Connection.<init>(Connection.java:77)
	at org.openqa.selenium.chromium.ChromiumDriver.lambda$new$2(ChromiumDriver.java:116)
	at java.base/java.util.Optional.map(Optional.java:265)
	at org.openqa.selenium.chromium.ChromiumDriver.<init>(ChromiumDriver.java:114)
	at org.openqa.selenium.chrome.ChromeDriver.<init>(ChromeDriver.java:81)
	at org.openqa.selenium.chrome.ChromeDriver.<init>(ChromeDriver.java:70)
	at tek.sdet.framework.config.ChromeHeadless.openBrowser(ChromeHeadless.java:15)
	at tek.sdet.framework.base.BaseSetup.setupBrowser(BaseSetup.java:53)
	at tek.sdet.framework.base.BaseUITest.setupTests(BaseUITest.java:11)

Tek Retail Order feature.Verify User can Return the order  Time elapsed: 0.77 s  <<< ERROR!
java.lang.NullPointerException
	at tek.sdet.framework.utilities.CommonUtility.takeScreenShotAsBytes(CommonUtility.java:71)
	at tek.sdet.framework.base.BaseUITest.closeTests(BaseUITest.java:17)

Tek Retail Order feature.Verify User can write a review on order placed  Time elapsed: 0.762 s  <<< ERROR!
org.openqa.selenium.remote.http.ConnectionFailedException: 
Unable to establish websocket connection to http://localhost:62822/devtools/browser/4e4fa7b5-d762-4809-a696-91598d53cf23
Build info: version: '4.4.0', revision: 'e5c75ed026a'
System info: host: 'Hameds-MacBook-Air.local', ip: '127.0.0.1', os.name: 'Mac OS X', os.arch: 'x86_64', os.version: '13.2.1', java.version: '11.0.15.1'
Driver info: driver.version: ChromeDriver
	at org.openqa.selenium.remote.http.netty.NettyWebSocket.<init>(NettyWebSocket.java:102)
	at org.openqa.selenium.remote.http.netty.NettyWebSocket.lambda$create$3(NettyWebSocket.java:128)
	at org.openqa.selenium.remote.http.netty.NettyClient.openSocket(NettyClient.java:106)
	at org.openqa.selenium.devtools.Connection.<init>(Connection.java:77)
	at org.openqa.selenium.chromium.ChromiumDriver.lambda$new$2(ChromiumDriver.java:116)
	at java.base/java.util.Optional.map(Optional.java:265)
	at org.openqa.selenium.chromium.ChromiumDriver.<init>(ChromiumDriver.java:114)
	at org.openqa.selenium.chrome.ChromeDriver.<init>(ChromeDriver.java:81)
	at org.openqa.selenium.chrome.ChromeDriver.<init>(ChromeDriver.java:70)
	at tek.sdet.framework.config.ChromeHeadless.openBrowser(ChromeHeadless.java:15)
	at tek.sdet.framework.base.BaseSetup.setupBrowser(BaseSetup.java:53)
	at tek.sdet.framework.base.BaseUITest.setupTests(BaseUITest.java:11)

Tek Retail Order feature.Verify User can write a review on order placed  Time elapsed: 0.762 s  <<< ERROR!
java.lang.NullPointerException
	at tek.sdet.framework.utilities.CommonUtility.takeScreenShotAsBytes(CommonUtility.java:71)
	at tek.sdet.framework.base.BaseUITest.closeTests(BaseUITest.java:17)

TEK Retail application SignIn feature.Verify user can sign in into Retail Application #1  Time elapsed: 0.903 s  <<< ERROR!
org.openqa.selenium.remote.http.ConnectionFailedException: 
Unable to establish websocket connection to http://localhost:62837/devtools/browser/93179d93-47f2-4cc3-9d28-0e6a6749cfec
Build info: version: '4.4.0', revision: 'e5c75ed026a'
System info: host: 'Hameds-MacBook-Air.local', ip: '127.0.0.1', os.name: 'Mac OS X', os.arch: 'x86_64', os.version: '13.2.1', java.version: '11.0.15.1'
Driver info: driver.version: ChromeDriver
	at org.openqa.selenium.remote.http.netty.NettyWebSocket.<init>(NettyWebSocket.java:102)
	at org.openqa.selenium.remote.http.netty.NettyWebSocket.lambda$create$3(NettyWebSocket.java:128)
	at org.openqa.selenium.remote.http.netty.NettyClient.openSocket(NettyClient.java:106)
	at org.openqa.selenium.devtools.Connection.<init>(Connection.java:77)
	at org.openqa.selenium.chromium.ChromiumDriver.lambda$new$2(ChromiumDriver.java:116)
	at java.base/java.util.Optional.map(Optional.java:265)
	at org.openqa.selenium.chromium.ChromiumDriver.<init>(ChromiumDriver.java:114)
	at org.openqa.selenium.chrome.ChromeDriver.<init>(ChromeDriver.java:81)
	at org.openqa.selenium.chrome.ChromeDriver.<init>(ChromeDriver.java:70)
	at tek.sdet.framework.config.ChromeHeadless.openBrowser(ChromeHeadless.java:15)
	at tek.sdet.framework.base.BaseSetup.setupBrowser(BaseSetup.java:53)
	at tek.sdet.framework.base.BaseUITest.setupTests(BaseUITest.java:11)

TEK Retail application SignIn feature.Verify user can sign in into Retail Application #1  Time elapsed: 0.903 s  <<< ERROR!
java.lang.NullPointerException
	at tek.sdet.framework.utilities.CommonUtility.takeScreenShotAsBytes(CommonUtility.java:71)
	at tek.sdet.framework.base.BaseUITest.closeTests(BaseUITest.java:17)

TEK Retail application SignIn feature.Verify user can sign in into Retail Application #2  Time elapsed: 0.727 s  <<< ERROR!
org.openqa.selenium.remote.http.ConnectionFailedException: 
Unable to establish websocket connection to http://localhost:62851/devtools/browser/b68a51c9-92ce-4976-8453-ea0a821c8a5d
Build info: version: '4.4.0', revision: 'e5c75ed026a'
System info: host: 'Hameds-MacBook-Air.local', ip: '127.0.0.1', os.name: 'Mac OS X', os.arch: 'x86_64', os.version: '13.2.1', java.version: '11.0.15.1'
Driver info: driver.version: ChromeDriver
	at org.openqa.selenium.remote.http.netty.NettyWebSocket.<init>(NettyWebSocket.java:102)
	at org.openqa.selenium.remote.http.netty.NettyWebSocket.lambda$create$3(NettyWebSocket.java:128)
	at org.openqa.selenium.remote.http.netty.NettyClient.openSocket(NettyClient.java:106)
	at org.openqa.selenium.devtools.Connection.<init>(Connection.java:77)
	at org.openqa.selenium.chromium.ChromiumDriver.lambda$new$2(ChromiumDriver.java:116)
	at java.base/java.util.Optional.map(Optional.java:265)
	at org.openqa.selenium.chromium.ChromiumDriver.<init>(ChromiumDriver.java:114)
	at org.openqa.selenium.chrome.ChromeDriver.<init>(ChromeDriver.java:81)
	at org.openqa.selenium.chrome.ChromeDriver.<init>(ChromeDriver.java:70)
	at tek.sdet.framework.config.ChromeHeadless.openBrowser(ChromeHeadless.java:15)
	at tek.sdet.framework.base.BaseSetup.setupBrowser(BaseSetup.java:53)
	at tek.sdet.framework.base.BaseUITest.setupTests(BaseUITest.java:11)

TEK Retail application SignIn feature.Verify user can sign in into Retail Application #2  Time elapsed: 0.727 s  <<< ERROR!
java.lang.NullPointerException
	at tek.sdet.framework.utilities.CommonUtility.takeScreenShotAsBytes(CommonUtility.java:71)
	at tek.sdet.framework.base.BaseUITest.closeTests(BaseUITest.java:17)

TEK Retail application SignIn feature.Verify user can sign in into Retail Application #3  Time elapsed: 0.759 s  <<< ERROR!
org.openqa.selenium.remote.http.ConnectionFailedException: 
Unable to establish websocket connection to http://localhost:62865/devtools/browser/02b4e1d2-1aaa-4227-b73b-b1db163a80a3
Build info: version: '4.4.0', revision: 'e5c75ed026a'
System info: host: 'Hameds-MacBook-Air.local', ip: '127.0.0.1', os.name: 'Mac OS X', os.arch: 'x86_64', os.version: '13.2.1', java.version: '11.0.15.1'
Driver info: driver.version: ChromeDriver
	at org.openqa.selenium.remote.http.netty.NettyWebSocket.<init>(NettyWebSocket.java:102)
	at org.openqa.selenium.remote.http.netty.NettyWebSocket.lambda$create$3(NettyWebSocket.java:128)
	at org.openqa.selenium.remote.http.netty.NettyClient.openSocket(NettyClient.java:106)
	at org.openqa.selenium.devtools.Connection.<init>(Connection.java:77)
	at org.openqa.selenium.chromium.ChromiumDriver.lambda$new$2(ChromiumDriver.java:116)
	at java.base/java.util.Optional.map(Optional.java:265)
	at org.openqa.selenium.chromium.ChromiumDriver.<init>(ChromiumDriver.java:114)
	at org.openqa.selenium.chrome.ChromeDriver.<init>(ChromeDriver.java:81)
	at org.openqa.selenium.chrome.ChromeDriver.<init>(ChromeDriver.java:70)
	at tek.sdet.framework.config.ChromeHeadless.openBrowser(ChromeHeadless.java:15)
	at tek.sdet.framework.base.BaseSetup.setupBrowser(BaseSetup.java:53)
	at tek.sdet.framework.base.BaseUITest.setupTests(BaseUITest.java:11)

TEK Retail application SignIn feature.Verify user can sign in into Retail Application #3  Time elapsed: 0.759 s  <<< ERROR!
java.lang.NullPointerException
	at tek.sdet.framework.utilities.CommonUtility.takeScreenShotAsBytes(CommonUtility.java:71)
	at tek.sdet.framework.base.BaseUITest.closeTests(BaseUITest.java:17)

TEK Retail application SignIn feature.Verify user can sign in into Retail Application #4  Time elapsed: 0.735 s  <<< ERROR!
org.openqa.selenium.remote.http.ConnectionFailedException: 
Unable to establish websocket connection to http://localhost:62875/devtools/browser/9225e19a-a562-438f-bf63-e79dae0e57fb
Build info: version: '4.4.0', revision: 'e5c75ed026a'
System info: host: 'Hameds-MacBook-Air.local', ip: '127.0.0.1', os.name: 'Mac OS X', os.arch: 'x86_64', os.version: '13.2.1', java.version: '11.0.15.1'
Driver info: driver.version: ChromeDriver
	at org.openqa.selenium.remote.http.netty.NettyWebSocket.<init>(NettyWebSocket.java:102)
	at org.openqa.selenium.remote.http.netty.NettyWebSocket.lambda$create$3(NettyWebSocket.java:128)
	at org.openqa.selenium.remote.http.netty.NettyClient.openSocket(NettyClient.java:106)
	at org.openqa.selenium.devtools.Connection.<init>(Connection.java:77)
	at org.openqa.selenium.chromium.ChromiumDriver.lambda$new$2(ChromiumDriver.java:116)
	at java.base/java.util.Optional.map(Optional.java:265)
	at org.openqa.selenium.chromium.ChromiumDriver.<init>(ChromiumDriver.java:114)
	at org.openqa.selenium.chrome.ChromeDriver.<init>(ChromeDriver.java:81)
	at org.openqa.selenium.chrome.ChromeDriver.<init>(ChromeDriver.java:70)
	at tek.sdet.framework.config.ChromeHeadless.openBrowser(ChromeHeadless.java:15)
	at tek.sdet.framework.base.BaseSetup.setupBrowser(BaseSetup.java:53)
	at tek.sdet.framework.base.BaseUITest.setupTests(BaseUITest.java:11)

TEK Retail application SignIn feature.Verify user can sign in into Retail Application #4  Time elapsed: 0.736 s  <<< ERROR!
java.lang.NullPointerException
	at tek.sdet.framework.utilities.CommonUtility.takeScreenShotAsBytes(CommonUtility.java:71)
	at tek.sdet.framework.base.BaseUITest.closeTests(BaseUITest.java:17)

TEK Retail application SignIn feature.Verify user can create an account into Retail Website  Time elapsed: 0.824 s  <<< ERROR!
org.openqa.selenium.remote.http.ConnectionFailedException: 
Unable to establish websocket connection to http://localhost:62889/devtools/browser/695d68d4-3b3c-4e48-b421-812a5abaabec
Build info: version: '4.4.0', revision: 'e5c75ed026a'
System info: host: 'Hameds-MacBook-Air.local', ip: '127.0.0.1', os.name: 'Mac OS X', os.arch: 'x86_64', os.version: '13.2.1', java.version: '11.0.15.1'
Driver info: driver.version: ChromeDriver
	at org.openqa.selenium.remote.http.netty.NettyWebSocket.<init>(NettyWebSocket.java:102)
	at org.openqa.selenium.remote.http.netty.NettyWebSocket.lambda$create$3(NettyWebSocket.java:128)
	at org.openqa.selenium.remote.http.netty.NettyClient.openSocket(NettyClient.java:106)
	at org.openqa.selenium.devtools.Connection.<init>(Connection.java:77)
	at org.openqa.selenium.chromium.ChromiumDriver.lambda$new$2(ChromiumDriver.java:116)
	at java.base/java.util.Optional.map(Optional.java:265)
	at org.openqa.selenium.chromium.ChromiumDriver.<init>(ChromiumDriver.java:114)
	at org.openqa.selenium.chrome.ChromeDriver.<init>(ChromeDriver.java:81)
	at org.openqa.selenium.chrome.ChromeDriver.<init>(ChromeDriver.java:70)
	at tek.sdet.framework.config.ChromeHeadless.openBrowser(ChromeHeadless.java:15)
	at tek.sdet.framework.base.BaseSetup.setupBrowser(BaseSetup.java:53)
	at tek.sdet.framework.base.BaseUITest.setupTests(BaseUITest.java:11)

TEK Retail application SignIn feature.Verify user can create an account into Retail Website  Time elapsed: 0.824 s  <<< ERROR!
java.lang.NullPointerException
	at tek.sdet.framework.utilities.CommonUtility.takeScreenShotAsBytes(CommonUtility.java:71)
	at tek.sdet.framework.base.BaseUITest.closeTests(BaseUITest.java:17)

