<?xml version="1.0" encoding="UTF-8"?>
<testsuite xmlns:xsi="http://www.w3.org/2001/XMLSchema-instance" xsi:noNamespaceSchemaLocation="https://maven.apache.org/surefire/maven-surefire-plugin/xsd/surefire-test-report-3.0.xsd" version="3.0" name="tek.sdet.framework.runner.TestRunner" time="30.507" tests="1" errors="1" skipped="0" failures="0">
  <properties>
[...]
</properties>
  <testcase name="Verify User can place an order without Shipping address and payment Method on file" classname="Tek Retail Order feature" time="29.289">
    <error message="element click intercepted: Element &lt;button class=&quot;checkout__order-btn&quot; id=&quot;placeOrderBtn&quot;&gt;...&lt;/button&gt; is not clickable at point (1164, 16). Other element would receive the click: &lt;div class=&quot;modal&quot;&gt;...&lt;/div&gt;&#10;  (Session info: chrome=110.0.5481.177)&#10;Build info: version: &apos;4.4.0&apos;, revision: &apos;e5c75ed026a&apos;&#10;System info: host: &apos;Hameds-Air.attlocal.net&apos;, ip: &apos;2600:1700:402:480:f85a:1fa8:f2ff:343d%en0&apos;, os.name: &apos;Mac OS X&apos;, os.arch: &apos;x86_64&apos;, os.version: &apos;13.2.1&apos;, java.version: &apos;11.0.15.1&apos;&#10;Driver info: org.openqa.selenium.chrome.ChromeDriver&#10;Command: [3dcf4e1522b7e9e8471fc48c83f690bf, clickElement {id=21dc7027-846e-4bb3-b633-beff31b3175e}]&#10;Capabilities {acceptInsecureCerts: false, browserName: chrome, browserVersion: 110.0.5481.177, chrome: {chromedriverVersion: 110.0.5481.77 (65ed616c6e8e..., userDataDir: /var/folders/g2/s96v8q9s1pg...}, goog:chromeOptions: {debuggerAddress: localhost:51548}, networkConnectionEnabled: false, pageLoadStrategy: normal, platformName: MAC, proxy: Proxy(), se:cdp: ws://localhost:51548/devtoo..., se:cdpVersion: 110.0.5481.177, setWindowRect: true, strictFileInteractability: false, timeouts: {implicit: 0, pageLoad: 300000, script: 30000}, unhandledPromptBehavior: dismiss and notify, webauthn:extension:credBlob: true, webauthn:extension:largeBlob: true, webauthn:virtualAuthenticators: true}&#10;Element: [[ChromeDriver: chrome on MAC (3dcf4e1522b7e9e8471fc48c83f690bf)] -&gt; id: placeOrderBtn]&#10;Session ID: 3dcf4e1522b7e9e8471fc48c83f690bf" type="org.openqa.selenium.ElementClickInterceptedException"><![CDATA[org.openqa.selenium.ElementClickInterceptedException: 
element click intercepted: Element <button class="checkout__order-btn" id="placeOrderBtn">...</button> is not clickable at point (1164, 16). Other element would receive the click: <div class="modal">...</div>
  (Session info: chrome=110.0.5481.177)
Build info: version: '4.4.0', revision: 'e5c75ed026a'
System info: host: 'Hameds-Air.attlocal.net', ip: '2600:1700:402:480:f85a:1fa8:f2ff:343d%en0', os.name: 'Mac OS X', os.arch: 'x86_64', os.version: '13.2.1', java.version: '11.0.15.1'
Driver info: org.openqa.selenium.chrome.ChromeDriver
Command: [3dcf4e1522b7e9e8471fc48c83f690bf, clickElement {id=21dc7027-846e-4bb3-b633-beff31b3175e}]
Capabilities {acceptInsecureCerts: false, browserName: chrome, browserVersion: 110.0.5481.177, chrome: {chromedriverVersion: 110.0.5481.77 (65ed616c6e8e..., userDataDir: /var/folders/g2/s96v8q9s1pg...}, goog:chromeOptions: {debuggerAddress: localhost:51548}, networkConnectionEnabled: false, pageLoadStrategy: normal, platformName: MAC, proxy: Proxy(), se:cdp: ws://localhost:51548/devtoo..., se:cdpVersion: 110.0.5481.177, setWindowRect: true, strictFileInteractability: false, timeouts: {implicit: 0, pageLoad: 300000, script: 30000}, unhandledPromptBehavior: dismiss and notify, webauthn:extension:credBlob: true, webauthn:extension:largeBlob: true, webauthn:virtualAuthenticators: true}
Element: [[ChromeDriver: chrome on MAC (3dcf4e1522b7e9e8471fc48c83f690bf)] -> id: placeOrderBtn]
Session ID: 3dcf4e1522b7e9e8471fc48c83f690bf
	at java.base/jdk.internal.reflect.NativeConstructorAccessorImpl.newInstance0(Native Method)
	at java.base/jdk.internal.reflect.NativeConstructorAccessorImpl.newInstance(NativeConstructorAccessorImpl.java:62)
	at java.base/jdk.internal.reflect.DelegatingConstructorAccessorImpl.newInstance(DelegatingConstructorAccessorImpl.java:45)
	at java.base/java.lang.reflect.Constructor.newInstance(Constructor.java:490)
	at org.openqa.selenium.remote.codec.w3c.W3CHttpResponseCodec.createException(W3CHttpResponseCodec.java:200)
	at org.openqa.selenium.remote.codec.w3c.W3CHttpResponseCodec.decode(W3CHttpResponseCodec.java:133)
	at org.openqa.selenium.remote.codec.w3c.W3CHttpResponseCodec.decode(W3CHttpResponseCodec.java:53)
	at org.openqa.selenium.remote.HttpCommandExecutor.execute(HttpCommandExecutor.java:184)
	at org.openqa.selenium.remote.service.DriverCommandExecutor.invokeExecute(DriverCommandExecutor.java:167)
	at org.openqa.selenium.remote.service.DriverCommandExecutor.execute(DriverCommandExecutor.java:142)
	at org.openqa.selenium.remote.RemoteWebDriver.execute(RemoteWebDriver.java:547)
	at org.openqa.selenium.remote.RemoteWebElement.execute(RemoteWebElement.java:257)
	at org.openqa.selenium.remote.RemoteWebElement.click(RemoteWebElement.java:78)
	at jdk.internal.reflect.GeneratedMethodAccessor73.invoke(Unknown Source)
	at java.base/jdk.internal.reflect.DelegatingMethodAccessorImpl.invoke(DelegatingMethodAccessorImpl.java:43)
	at java.base/java.lang.reflect.Method.invoke(Method.java:566)
	at org.openqa.selenium.support.pagefactory.internal.LocatingElementHandler.invoke(LocatingElementHandler.java:52)
	at com.sun.proxy.$Proxy25.click(Unknown Source)
	at tek.sdet.framework.utilities.CommonUtility.click(CommonUtility.java:47)
	at tek.sdet.framework.steps.RetailOrderSteps.userClickOnPlaceYourOrder(RetailOrderSteps.java:131)
	at ✽.User click on Place Your Order(classpath:features/order.feature:42)
]]></error>
    <system-out><![CDATA[
@orderTest
Scenario: Verify User can place an order without Shipping address and payment Method on file # features/order.feature:22
{browser=chrome, headless=false, url=https://tek-retail-ui.azurewebsites.net/}
 INFO [main] (RetailHomeSteps.java:31)- User is on retail website
 INFO [main] (RetailHomeSteps.java:32)- Actual Title: React App = Expected Title: React App
  Given User is on retail website                                                            # tek.sdet.framework.steps.RetailHomeSteps.userIsOnRetailWebsite()
 INFO [main] (RetailSignInSteps.java:32)- User clicked on signin button
  When User click on Sign in option                                                          # tek.sdet.framework.steps.RetailSignInSteps.userClickOnSignInOption()
 INFO [main] (RetailSignInSteps.java:41)- This is the email user entered: tester1010@tekschool.us , This is the password user enterd: Tek@12345
  And User enter email 'tester1010@tekschool.us' and password 'Tek@12345'                    # tek.sdet.framework.steps.RetailSignInSteps.userEnterEmailAndPassword(java.lang.String,java.lang.String)
 INFO [main] (RetailSignInSteps.java:49)- User clicked on login button
  And User click on login button                                                             # tek.sdet.framework.steps.RetailSignInSteps.userClickOnLoginButton()
  And User should be logged in into Account                                                  # tek.sdet.framework.steps.RetailSignInSteps.userShouldBeLoggedInIntoAccount()
 INFO [main] (RetailOrderSteps.java:36)- User changed the category to: Smart Home
  And User change the category to 'Smart Home'                                               # tek.sdet.framework.steps.RetailOrderSteps.userChangeTheCategoryTo(java.lang.String)
 INFO [main] (RetailOrderSteps.java:43)- User searched for the item: kasa outdoor smart plug
  And User search for an item 'kasa outdoor smart plug'                                      # tek.sdet.framework.steps.RetailOrderSteps.userSearchForAnItem(java.lang.String)
 INFO [main] (RetailOrderSteps.java:49)- User clicked on search button
  And User click on Search icon                                                              # tek.sdet.framework.steps.RetailOrderSteps.userClickOnSearchIcon()
 INFO [main] (RetailOrderSteps.java:55)- User clicked on item
  And User click on item                                                                     # tek.sdet.framework.steps.RetailOrderSteps.userClickOnItem()
  And User select quantity '2'                                                               # tek.sdet.framework.steps.RetailOrderSteps.userSelectQuantity(java.lang.String)
 INFO [main] (RetailOrderSteps.java:66)- User clicked add to Cart button
  And User click add to Cart button                                                          # tek.sdet.framework.steps.RetailOrderSteps.userClickAddToCartButton()
 INFO [main] (RetailOrderSteps.java:72)- User cart icon quantity changed to: 2
  Then the cart icon quantity should change to '2'                                           # tek.sdet.framework.steps.RetailOrderSteps.theCartIconQuantityShouldChangeTo(java.lang.String)
 INFO [main] (RetailOrderSteps.java:85)- User clicked on cart Icon
  And User click on Cart option                                                              # tek.sdet.framework.steps.RetailOrderSteps.userClickOnCartOption()
 INFO [main] (RetailOrderSteps.java:91)- User clicked on checkout button
  And User click on Proceed to Checkout button                                               # tek.sdet.framework.steps.RetailOrderSteps.userClickOnProceedToCheckoutButton()
 INFO [main] (RetailOrderSteps.java:97)- User clicked on add new address button
  And User click Add a new address link for shipping address                                 # tek.sdet.framework.steps.RetailOrderSteps.userClickAddANewAddressLinkForShippingAddress()
 INFO [main] (RetailOrderSteps.java:119)- User filled new address from information
  And User fill new address form with below information                                      # tek.sdet.framework.steps.RetailOrderSteps.userFillNewAddressFormWithBelowInformation(io.cucumber.datatable.DataTable)
    | country | fullName | phoneNumber | streetAddress | apt | city    | state    | zipCode |
    | France  | John     | 1234567890  | Governor St   | 111 | Phoenix | Bretagne | 12345   |
 INFO [main] (RetailAccountSteps.java:234)- User clicked on add address button
  And User click Add Your Address button                                                     # tek.sdet.framework.steps.RetailAccountSteps.userClickAddYourAddressButton()
 INFO [main] (RetailOrderSteps.java:126)- User Clicked on add a payment mehtod
  And User click Add a credit card or Debit Card for Payment method                          # tek.sdet.framework.steps.RetailOrderSteps.userClickAddACreditCardOrDebitCardForPaymentMethod()
 INFO [main] (RetailAccountSteps.java:107)- User filled the account information
  And User fill Debit or credit card information                                             # tek.sdet.framework.steps.RetailAccountSteps.userFillDebitOrCreditCardInformation(io.cucumber.datatable.DataTable)
    | cardNumber       | nameOnCard | expirationMonth | expirationYear | securityCode |
    | 0009876543210009 | John       | 6               | 2032           | 222          |
 INFO [main] (RetailAccountSteps.java:114)- User Clicked on add card button
  And User click on Add your card button                                                     # tek.sdet.framework.steps.RetailAccountSteps.userClickOnAddYourCardButton()
  And User click on Place Your Order                                                         # tek.sdet.framework.steps.RetailOrderSteps.userClickOnPlaceYourOrder()
      org.openqa.selenium.ElementClickInterceptedException: element click intercepted: Element <button class="checkout__order-btn" id="placeOrderBtn">...</button> is not clickable at point (1164, 16). Other element would receive the click: <div class="modal">...</div>
  (Session info: chrome=110.0.5481.177)
Build info: version: '4.4.0', revision: 'e5c75ed026a'
System info: host: 'Hameds-Air.attlocal.net', ip: '2600:1700:402:480:f85a:1fa8:f2ff:343d%en0', os.name: 'Mac OS X', os.arch: 'x86_64', os.version: '13.2.1', java.version: '11.0.15.1'
Driver info: org.openqa.selenium.chrome.ChromeDriver
Command: [3dcf4e1522b7e9e8471fc48c83f690bf, clickElement {id=21dc7027-846e-4bb3-b633-beff31b3175e}]
Capabilities {acceptInsecureCerts: false, browserName: chrome, browserVersion: 110.0.5481.177, chrome: {chromedriverVersion: 110.0.5481.77 (65ed616c6e8e..., userDataDir: /var/folders/g2/s96v8q9s1pg...}, goog:chromeOptions: {debuggerAddress: localhost:51548}, networkConnectionEnabled: false, pageLoadStrategy: normal, platformName: MAC, proxy: Proxy(), se:cdp: ws://localhost:51548/devtoo..., se:cdpVersion: 110.0.5481.177, setWindowRect: true, strictFileInteractability: false, timeouts: {implicit: 0, pageLoad: 300000, script: 30000}, unhandledPromptBehavior: dismiss and notify, webauthn:extension:credBlob: true, webauthn:extension:largeBlob: true, webauthn:virtualAuthenticators: true}
Element: [[ChromeDriver: chrome on MAC (3dcf4e1522b7e9e8471fc48c83f690bf)] -> id: placeOrderBtn]
Session ID: 3dcf4e1522b7e9e8471fc48c83f690bf
	at java.base/jdk.internal.reflect.NativeConstructorAccessorImpl.newInstance0(Native Method)
	at java.base/jdk.internal.reflect.NativeConstructorAccessorImpl.newInstance(NativeConstructorAccessorImpl.java:62)
	at java.base/jdk.internal.reflect.DelegatingConstructorAccessorImpl.newInstance(DelegatingConstructorAccessorImpl.java:45)
	at java.base/java.lang.reflect.Constructor.newInstance(Constructor.java:490)
	at org.openqa.selenium.remote.codec.w3c.W3CHttpResponseCodec.createException(W3CHttpResponseCodec.java:200)
	at org.openqa.selenium.remote.codec.w3c.W3CHttpResponseCodec.decode(W3CHttpResponseCodec.java:133)
	at org.openqa.selenium.remote.codec.w3c.W3CHttpResponseCodec.decode(W3CHttpResponseCodec.java:53)
	at org.openqa.selenium.remote.HttpCommandExecutor.execute(HttpCommandExecutor.java:184)
	at org.openqa.selenium.remote.service.DriverCommandExecutor.invokeExecute(DriverCommandExecutor.java:167)
	at org.openqa.selenium.remote.service.DriverCommandExecutor.execute(DriverCommandExecutor.java:142)
	at org.openqa.selenium.remote.RemoteWebDriver.execute(RemoteWebDriver.java:547)
	at org.openqa.selenium.remote.RemoteWebElement.execute(RemoteWebElement.java:257)
	at org.openqa.selenium.remote.RemoteWebElement.click(RemoteWebElement.java:78)
	at jdk.internal.reflect.GeneratedMethodAccessor73.invoke(Unknown Source)
	at java.base/jdk.internal.reflect.DelegatingMethodAccessorImpl.invoke(DelegatingMethodAccessorImpl.java:43)
	at java.base/java.lang.reflect.Method.invoke(Method.java:566)
	at org.openqa.selenium.support.pagefactory.internal.LocatingElementHandler.invoke(LocatingElementHandler.java:52)
	at com.sun.proxy.$Proxy25.click(Unknown Source)
	at tek.sdet.framework.utilities.CommonUtility.click(CommonUtility.java:47)
	at tek.sdet.framework.steps.RetailOrderSteps.userClickOnPlaceYourOrder(RetailOrderSteps.java:131)
	at ✽.User click on Place Your Order(classpath:features/order.feature:42)

  Then a message should be displayed 'Order Placed, Thanks'                                  # tek.sdet.framework.steps.RetailOrderSteps.aMessageShouldBeDisplayed(java.lang.String)

    Embedding Verify User can place an order without Shipping address and payment Method on file scenario Failed [iamge/png 365587 bytes]

]]></system-out>
    <system-err><![CDATA[SLF4J: Failed to load class "org.slf4j.impl.StaticLoggerBinder".
SLF4J: Defaulting to no-operation (NOP) logger implementation
SLF4J: See http://www.slf4j.org/codes.html#StaticLoggerBinder for further details.
ERROR StatusLogger Log4j2 could not find a logging implementation. Please add log4j-core to the classpath. Using SimpleLogger to log to the console...
Starting ChromeDriver 110.0.5481.77 (65ed616c6e8ee3fe0ad64fe83796c020644d42af-refs/branch-heads/5481@{#839}) on port 63958
Only local connections are allowed.
Please see https://chromedriver.chromium.org/security-considerations for suggestions on keeping ChromeDriver safe.
ChromeDriver was started successfully.
[1678320442.398][WARNING]: virtual void DevToolsClientImpl::AddListener(DevToolsEventListener *) subscribing a listener to the already connected DevToolsClient. Connection notification will not arrive.
Mar 08, 2023 4:07:22 PM org.openqa.selenium.remote.ProtocolHandshake createSession
INFO: Detected upstream dialect: W3C
Mar 08, 2023 4:07:22 PM org.openqa.selenium.devtools.CdpVersionFinder findNearestMatch
WARNING: Unable to find an exact match for CDP version 110, so returning the closest version found: a no-op implementation
Mar 08, 2023 4:07:22 PM org.openqa.selenium.devtools.CdpVersionFinder findNearestMatch
INFO: Unable to find CDP implementation matching 110.
Mar 08, 2023 4:07:22 PM org.openqa.selenium.chromium.ChromiumDriver lambda$new$3
WARNING: Unable to find version of CDP to use for . You may need to include a dependency on a specific version of the CDP using something similar to `org.seleniumhq.selenium:selenium-devtools-v86:4.4.0` where the version ("v86") matches the version of the chromium-based browser you're using and the version number of the artifact is the same as Selenium's.
]]></system-err>
  </testcase>
</testsuite>